Command: /home/922388490/project/./simv -l simv.log +ntb_random_seed_automatic
Chronologic VCS simulator copyright 1991-2020
Contains Synopsys proprietary information.
Compiler version R-2020.12-SP2-11_Full64; Runtime version R-2020.12-SP2-11_Full64;  May 24 16:43 2024
NOTE: automatic random seed used: 114779575
 ================================================= TB Start = 0 =================================================

VCD+ Writer R-2020.12-SP2-11_Full64 Copyright (c) 1991-2020 by Synopsys Inc.
 ================================================= Start of driver, topif.start: 0 =================================================

 ================================================= [DRIVER_INFO] Initialized to Default =================================================

*---------*----------*----------*----------*----------*----------*----------*----------*------*
*---------*----------* ENGR 850: DIGITAL DESIGN VERIFICATION FINAL PROJECT *----------*----------*
*---------*----------*----------*----------*----------*----------*----------*----------*------*
*---------*----------*--------* GENERATOR MODULE -BEGINS *--------*--------*-------*----------*
*---------*----------*--------* SEARCH MEMORY *--------*--------*-------*----------*----------*
  
db  3d  31  d5  32  2d  e3  e8  17  8f  e1  e2  de  21  f0  e6  a6  aa  bc  50  78  3a  3a  d4  92  d3  f4  1a  02  82  e2  86    
8c  5e  39  80  82  e7  27  37  7b  29  2e  7a  79  11  3b  ed  86  d6  1d  4d  14  1a  fc  f9  df  0e  55  1e  83  f4  6e  1a    
2a  c9  0d  a8  fe  67  39  ec  66  bb  b7  ae  30  bc  02  b6  52  7f  c7  ea  98  e0  77  3b  7d  cd  d8  24  82  19  1e  82    
60  e5  c4  a8  a6  c1  77  8d  2c  73  0e  b3  ff  b0  e6  2e  ef  28  44  98  d6  b0  fb  d1  7e  b2  29  c6  eb  ba  61  71    
90  db  f3  48  43  e6  e7  c6  f5  08  1d  81  97  cf  58  cf  b3  56  eb  e2  1f  84  fe  f7  ba  46  31  0e  1e  b1  1c  d3    
3c  f2  0a  c0  a6  59  2c  77  54  21  4d  c8  46  35  66  83  ee  07  1b  d5  28  0d  4b  77  f3  de  01  ba  5e  ca  03  71    
f7  8b  71  8d  67  69  ae  18  17  cf  99  8b  aa  ea  4d  ec  cf  25  54  44  d2  de  02  40  b6  10  81  ac  00  71  24  20    
2e  be  29  fd  1d  a2  de  b6  af  91  3b  80  b8  c9  3d  82  1d  22  bc  8b  c9  c5  e1  6a  68  d2  f8  0c  a1  1a  4c  3c    
51  78  fa  78  bb  5d  eb  08  38  a1  f1  d7  ce  b9  95  07  12  19  db  36  1c  47  a7  fe  4d  84  97  bf  53  55  19  ff    
c8  f7  87  50  ee  c4  ec  98  aa  4f  d8  e4  d6  b4  6c  ee  a5  ff  b4  50  6e  9d  f6  fc  c6  d8  5a  eb  d5  32  da  c4    
5b  77  d4  e2  36  09  32  f2  16  b7  b7  c6  c9  e6  ee  d1  ec  f8  38  65  f7  f7  3a  66  53  f5  42  9f  86  77  94  38    
f4  3a  83  75  22  a2  1a  81  f1  a8  d6  6f  fa  0f  22  52  72  b8  51  50  9a  e7  3d  95  d4  b1  53  31  7b  ca  95  b8    
f1  d5  a3  7d  dd  57  a4  15  de  d7  a2  b1  01  f8  cd  8c  75  6c  33  f8  b1  55  fb  d2  f6  0b  ce  fd  28  ce  ae  f7    
c5  f5  d2  ef  1c  08  ab  9a  f8  06  75  8c  ab  bd  40  c3  fc  7f  aa  15  7a  0c  f5  20  bb  6a  4f  ae  98  90  d3  d2    
c3  45  4a  6a  69  31  5e  dd  3a  1b  bb  9c  95  40  e4  3e  44  ca  0b  7c  26  e1  b4  0a  3d  81  bb  0b  cd  2f  44  3b    
63  79  f8  65  76  8d  eb  98  0c  3d  9c  65  9a  26  7e  54  9c  9a  f3  8a  b1  9f  55  0f  36  7d  fd  a8  3e  0f  ef  d0    
f3  a4  75  cf  48  a1  3c  4e  4d  5a  8a  e4  de  33  75  e1  b4  c7  15  04  3d  8a  d0  eb  0a  84  94  8b  59  c1  ee  c4    
bd  7c  68  2e  3e  fc  cf  92  9f  4b  c1  bb  f5  69  21  1e  b5  53  2b  98  5c  d2  ba  e0  68  8c  21  7a  61  96  37  5e    
e4  6f  17  ff  49  f3  c2  c9  14  c4  b3  13  f2  77  44  51  80  7f  65  db  0a  ef  49  1e  c6  3a  63  d9  cf  29  3b  4f    
2a  23  3b  ea  98  cd  e7  96  c2  74  45  02  04  cf  2c  af  3f  d8  b7  d9  21  63  e1  86  fe  4f  e7  ef  13  ca  67  64    
59  12  c6  90  28  2f  36  91  3c  46  2f  e0  aa  54  4c  13  cc  0a  a0  b4  84  15  5a  4f  bd  8b  fa  cf  10  62  a2  af    
e2  c7  9b  0e  26  0d  a8  aa  cd  a9  1f  dc  1b  08  ee  b3  42  8f  79  0f  