
Warning-[LNX_OS_VERUN] Unsupported Linux version
  Linux version 'Rocky Linux release 8.9 (Green Obsidian)' is not supported on
  'x86_64' officially, assuming linux compatibility by default. Set 
  VCS_ARCH_OVERRIDE to linux or suse32 to override.
  Please refer to release notes for information on supported platforms.

Command: vcs -l vcs.log -sverilog -debug_access+all -full64 ./top_tb.sv ./top.v
*** Using c compiler gcc instead of cc ...
                         Chronologic VCS (TM)
     Version R-2020.12-SP2-11_Full64 -- Fri May 24 16:43:51 2024

                    Copyright (c) 1991 - 2022 Synopsys, Inc.
   This software and the associated documentation are proprietary to Synopsys,
 Inc. This software may only be used in accordance with the terms and conditions
 of a written license agreement with Synopsys, Inc. All other use, reproduction,
   or distribution of this software is strictly prohibited.  Licensed Products
     communicate with Synopsys servers for the purpose of providing software
    updates, detecting software piracy and verifying that customers are using
    Licensed Products in conformity with the applicable License Key for such
  Licensed Products. Synopsys will use information gathered in connection with
    this process to deliver software updates and pursue software pirates and
                                   infringers.

 Inclusivity & Diversity - Visit SolvNetPlus to read the "Synopsys Statement on
            Inclusivity and Diversity" (Refer to article 000036315 at
                        https://solvnetplus.synopsys.com)

Parsing design file './top_tb.sv'
Parsing included file 'defines.sv'.
Back to file './top_tb.sv'.
Parsing included file 'interface.sv'.
Back to file './top_tb.sv'.
Parsing included file 'test.sv'.
Parsing included file 'environment.sv'.
Parsing included file 'transaction.sv'.
Back to file 'environment.sv'.
Parsing included file 'generator.sv'.
Back to file 'environment.sv'.
Parsing included file 'driver.sv'.
Parsing included file 'defines.sv'.
Back to file 'driver.sv'.
Back to file 'environment.sv'.
Parsing included file 'monitor.sv'.
Back to file 'environment.sv'.
Parsing included file 'scoreboard.sv'.
Back to file 'environment.sv'.
Parsing included file 'coverage.sv'.
Back to file 'environment.sv'.
Back to file 'test.sv'.
Back to file './top_tb.sv'.
Parsing design file './top.v'
Top Level Modules:
       top_tb
TimeScale is 1 ns / 1 ps
Notice: Ports coerced to inout, use -notice for details
Starting vcs inline pass...

6 modules and 0 UDP read.
recompiling module top_tb
	However, due to incremental compilation, only 1 module needs to be compiled. 
make[1]: Entering directory '/home/922388490/project/csrc'
rm -f _cuarc*.so _csrc*.so pre_vcsobj_*.so share_vcsobj_*.so
ld -shared  -Bsymbolic --no-relax  -o .//../simv.daidir//_cuarc0.so objs/amcQw_d.o \

rm -f _cuarc0.so
if [ -x ../simv ]; then chmod a-x ../simv; fi
g++  -o ../simv      -rdynamic  -Wl,-rpath='$ORIGIN'/simv.daidir -Wl,-rpath=./simv.daidir \
-Wl,-rpath=/packages/synopsys/vcs/R-2020.12-SP2-11/linux64/lib -L/packages/synopsys/vcs/R-2020.12-SP2-11/linux64/lib \
-Wl,-rpath-link=./  /usr/lib64/libnuma.so.1     _3412448_archive_1.so _prev_archive_1.so \
_cuarc0.so  SIM_l.o      rmapats_mop.o rmapats.o rmar.o rmar_nd.o  rmar_llvm_0_1.o \
rmar_llvm_0_0.o           -lvirsim -lerrorinf -lsnpsmalloc -lvfs    -lvcsnew -lsimprofile \
-luclinative /packages/synopsys/vcs/R-2020.12-SP2-11/linux64/lib/vcs_tls.o   -Wl,-whole-archive \
-lvcsucli    -Wl,-no-whole-archive          /packages/synopsys/vcs/R-2020.12-SP2-11/linux64/lib/vcs_save_restore_new.o \
-ldl  -lc -lm -lpthread -ldl 
../simv up to date
make[1]: Leaving directory '/home/922388490/project/csrc'
CPU time: .715 seconds to compile + .303 seconds to elab + .288 seconds to link
